[debug] [2022-10-23T00:05:23.913Z] ----------------------------------------------------------------------
[debug] [2022-10-23T00:05:23.916Z] Command:       C:\Program Files (x86)\nodejs\node.exe C:\Users\ab.salam\AppData\Roaming\npm\node_modules\firebase-tools\lib\bin\firebase.js init
[debug] [2022-10-23T00:05:23.917Z] CLI Version:   11.15.0
[debug] [2022-10-23T00:05:23.918Z] Platform:      win32
[debug] [2022-10-23T00:05:23.918Z] Node Version:  v16.15.0
[debug] [2022-10-23T00:05:23.921Z] Time:          Sun Oct 23 2022 06:05:23 GMT+0600 (Bangladesh Standard Time)
[debug] [2022-10-23T00:05:23.922Z] ----------------------------------------------------------------------
[debug] 
[debug] [2022-10-23T00:05:23.935Z] > command requires scopes: ["email","openid","https://www.googleapis.com/auth/cloudplatformprojects.readonly","https://www.googleapis.com/auth/firebase","https://www.googleapis.com/auth/cloud-platform"]
[debug] [2022-10-23T00:05:23.936Z] > authorizing via signed-in user (dewanmohammodzahidhasan@gmail.com)
[info] 
     ######## #### ########  ######## ########     ###     ######  ########
     ##        ##  ##     ## ##       ##     ##  ##   ##  ##       ##
     ######    ##  ########  ######   ########  #########  ######  ######
     ##        ##  ##    ##  ##       ##     ## ##     ##       ## ##
     ##       #### ##     ## ######## ########  ##     ##  ######  ########

You're about to initialize a Firebase project in this directory:

  C:\Projects\Milestone-10\firebase-private-router-context

Before we get started, keep in mind:

  * You are currently outside your home directory

